<?xml version="1.0" encoding="UTF-8"?>
<!-- Generated by org.testng.reporters.JUnitReportReporter -->
<testsuite hostname="DESKTOP-HECRAMR" failures="0" tests="1" name="bluejayengage.Addprovider_adminonsitesnf" time="49.892" errors="0" timestamp="2022-03-31T14:33:37 PKT" skipped="0">
  <testcase classname="bluejayengage.Addprovider_adminonsitesnf" name="entrdataprovder" time="49.892"/>
  <system-out/>
</testsuite> <!-- bluejayengage.Addprovider_adminonsitesnf -->
