<?xml version="1.0" encoding="UTF-8"?>
<!-- Generated by org.testng.reporters.JUnitReportReporter -->
<testsuite hostname="DESKTOP-HECRAMR" failures="0" tests="1" name="bluejayengage.Addpatient" time="7.610" errors="0" timestamp="2022-01-11T12:53:14 PKT" skipped="0">
  <testcase classname="bluejayengage.Addpatient" name="addpatwithcare" time="7.610"/>
  <system-out/>
</testsuite> <!-- bluejayengage.Addpatient -->
