<?xml version="1.0" encoding="UTF-8"?>
<!-- Generated by org.testng.reporters.JUnitReportReporter -->
<testsuite hostname="DESKTOP-HECRAMR" failures="0" tests="2" name="bluejayengage.AddandAssignSnf" time="90.602" errors="0" timestamp="2022-03-02T15:44:16 PKT" skipped="0">
  <testcase classname="bluejayengage.AddandAssignSnf" name="addsnf" time="42.914"/>
  <system-out/>
  <testcase classname="bluejayengage.AddandAssignSnf" name="assignsnf" time="47.688"/>
  <system-out/>
</testsuite> <!-- bluejayengage.AddandAssignSnf -->
