<?xml version="1.0" encoding="UTF-8"?>
<!-- Generated by org.testng.reporters.JUnitReportReporter -->
<testsuite hostname="DESKTOP-HECRAMR" failures="0" tests="1" name="bluejayengage.Deleteprovider" time="50.699" errors="0" timestamp="2022-04-04T10:43:34 PKT" skipped="0">
  <testcase classname="bluejayengage.Deleteprovider" name="delpro" time="50.699"/>
  <system-out/>
</testsuite> <!-- bluejayengage.Deleteprovider -->
