<?xml version="1.0" encoding="UTF-8"?>
<!-- Generated by org.testng.reporters.JUnitReportReporter -->
<testsuite hostname="DESKTOP-HECRAMR" failures="0" tests="1" name="bluejayengage.Bulkuploadprovider" time="53.286" errors="0" timestamp="2022-03-31T14:33:37 PKT" skipped="0">
  <testcase classname="bluejayengage.Bulkuploadprovider" name="bulkpro" time="53.286"/>
  <system-out/>
</testsuite> <!-- bluejayengage.Bulkuploadprovider -->
