<?xml version="1.0" encoding="UTF-8"?>
<!-- Generated by org.testng.reporters.JUnitReportReporter -->
<testsuite hostname="DESKTOP-HECRAMR" failures="0" tests="1" name="bluejayengage.Searchpatient" time="53.551" errors="0" timestamp="2022-03-02T15:44:16 PKT" skipped="0">
  <testcase classname="bluejayengage.Searchpatient" name="searchpat" time="53.551"/>
  <system-out/>
</testsuite> <!-- bluejayengage.Searchpatient -->
