<?xml version="1.0" encoding="UTF-8"?>
<!-- Generated by org.testng.reporters.JUnitReportReporter -->
<testsuite hostname="DESKTOP-HECRAMR" failures="0" tests="1" name="bluejayengage.Edit_Patient" time="58.044" errors="0" timestamp="2022-03-31T14:33:37 PKT" skipped="0">
  <testcase classname="bluejayengage.Edit_Patient" name="editpat" time="58.044"/>
  <system-out/>
</testsuite> <!-- bluejayengage.Edit_Patient -->
