<?xml version="1.0" encoding="UTF-8"?>
<!-- Generated by org.testng.reporters.JUnitReportReporter -->
<testsuite hostname="DESKTOP-HECRAMR" failures="0" tests="1" name="bluejayengage.Edit_Patient" time="66.948" errors="0" timestamp="2022-03-02T15:44:16 PKT" skipped="0">
  <testcase classname="bluejayengage.Edit_Patient" name="editpat" time="66.948"/>
  <system-out/>
</testsuite> <!-- bluejayengage.Edit_Patient -->
