<?xml version="1.0" encoding="UTF-8"?>
<!-- Generated by org.testng.reporters.JUnitReportReporter -->
<testsuite hostname="DESKTOP-HECRAMR" failures="0" tests="1" name="bluejayengage.Editprofile" time="55.055" errors="0" timestamp="2022-03-02T15:44:17 PKT" skipped="0">
  <testcase classname="bluejayengage.Editprofile" name="editprofile" time="55.055"/>
  <system-out/>
</testsuite> <!-- bluejayengage.Editprofile -->
