<?xml version="1.0" encoding="UTF-8"?>
<!-- Generated by org.testng.reporters.JUnitReportReporter -->
<testsuite hostname="DESKTOP-HECRAMR" failures="0" tests="1" name="bluejayengage.Assigntreatment" time="78.567" errors="0" timestamp="2022-03-31T14:40:17 PKT" skipped="0">
  <testcase classname="bluejayengage.Assigntreatment" name="assigntreat" time="78.567"/>
  <system-out/>
</testsuite> <!-- bluejayengage.Assigntreatment -->
