<?xml version="1.0" encoding="UTF-8"?>
<!-- Generated by org.testng.reporters.JUnitReportReporter -->
<testsuite hostname="DESKTOP-HECRAMR" failures="0" tests="1" name="bluejayengage.Setnewgoal" time="48.091" errors="0" timestamp="2022-03-31T14:33:37 PKT" skipped="0">
  <testcase classname="bluejayengage.Setnewgoal" name="addgoal" time="48.091"/>
  <system-out/>
</testsuite> <!-- bluejayengage.Setnewgoal -->
