<?xml version="1.0" encoding="UTF-8"?>
<!-- Generated by org.testng.reporters.JUnitReportReporter -->
<testsuite hostname="DESKTOP-HECRAMR" failures="0" tests="1" name="bluejayengage.Schedulevv_outpatient" time="56.020" errors="0" timestamp="2022-03-02T15:44:17 PKT" skipped="0">
  <testcase classname="bluejayengage.Schedulevv_outpatient" name="vvoutpat" time="56.020"/>
  <system-out/>
</testsuite> <!-- bluejayengage.Schedulevv_outpatient -->
