<?xml version="1.0" encoding="UTF-8"?>
<!-- Generated by org.testng.reporters.JUnitReportReporter -->
<testsuite hostname="DESKTOP-HECRAMR" failures="0" tests="1" name="bluejayengage.Prescribe_survey" time="55.569" errors="0" timestamp="2022-03-02T15:44:16 PKT" skipped="0">
  <testcase classname="bluejayengage.Prescribe_survey" name="setsurvey" time="55.569"/>
  <system-out/>
</testsuite> <!-- bluejayengage.Prescribe_survey -->
