<?xml version="1.0" encoding="UTF-8"?>
<!-- Generated by org.testng.reporters.JUnitReportReporter -->
<testsuite hostname="DESKTOP-HECRAMR" failures="0" tests="1" name="bluejayengage.OV_addpatient" time="82.248" errors="0" timestamp="2022-03-31T14:33:37 PKT" skipped="0">
  <testcase classname="bluejayengage.OV_addpatient" name="addpatov" time="82.248"/>
  <system-out/>
</testsuite> <!-- bluejayengage.OV_addpatient -->
