<?xml version="1.0" encoding="UTF-8"?>
<!-- Generated by org.testng.reporters.JUnitReportReporter -->
<testsuite hostname="DESKTOP-HECRAMR" failures="0" tests="1" name="bluejayengage.Prescribe_survey" time="45.036" errors="0" timestamp="2022-03-31T14:33:37 PKT" skipped="0">
  <testcase classname="bluejayengage.Prescribe_survey" name="setsurvey" time="45.036"/>
  <system-out/>
</testsuite> <!-- bluejayengage.Prescribe_survey -->
