<?xml version="1.0" encoding="UTF-8"?>
<!-- Generated by org.testng.reporters.JUnitReportReporter -->
<testsuite hostname="DESKTOP-HECRAMR" failures="0" tests="1" name="bluejayengage.Reactivateprovider" time="61.407" errors="0" timestamp="2022-03-02T15:44:16 PKT" skipped="0">
  <testcase classname="bluejayengage.Reactivateprovider" name="reacpro" time="61.407"/>
  <system-out/>
</testsuite> <!-- bluejayengage.Reactivateprovider -->
