<?xml version="1.0" encoding="UTF-8"?>
<!-- Generated by org.testng.reporters.JUnitReportReporter -->
<testsuite hostname="DESKTOP-HECRAMR" failures="0" tests="1" name="bluejayengage.Edit_provider" time="57.310" errors="0" timestamp="2022-03-02T15:44:16 PKT" skipped="0">
  <testcase classname="bluejayengage.Edit_provider" name="editprov" time="57.310"/>
  <system-out/>
</testsuite> <!-- bluejayengage.Edit_provider -->
