<?xml version="1.0" encoding="UTF-8"?>
<!-- Generated by org.testng.reporters.JUnitReportReporter -->
<testsuite hostname="DESKTOP-HECRAMR" failures="0" tests="1" name="bluejayengage.Editprofile" time="57.544" errors="0" timestamp="2022-03-31T14:33:37 PKT" skipped="0">
  <testcase classname="bluejayengage.Editprofile" name="editprofile" time="57.544"/>
  <system-out/>
</testsuite> <!-- bluejayengage.Editprofile -->
