<?xml version="1.0" encoding="UTF-8"?>
<!-- Generated by org.testng.reporters.JUnitReportReporter -->
<testsuite hostname="DESKTOP-HECRAMR" failures="0" tests="1" name="bluejayengage.Schedule_vv" time="63.304" errors="0" timestamp="2022-03-03T09:31:14 PKT" skipped="0">
  <testcase classname="bluejayengage.Schedule_vv" name="vv" time="63.304"/>
  <system-out/>
</testsuite> <!-- bluejayengage.Schedule_vv -->
