<?xml version="1.0" encoding="UTF-8"?>
<!-- Generated by org.testng.reporters.JUnitReportReporter -->
<testsuite hostname="DESKTOP-HECRAMR" failures="0" tests="1" name="bluejayengage.Addprovider" time="47.857" errors="0" timestamp="2022-02-23T10:08:35 PKT" skipped="0">
  <testcase classname="bluejayengage.Addprovider" name="enterproviderdata" time="47.857"/>
  <system-out/>
</testsuite> <!-- bluejayengage.Addprovider -->
