<?xml version="1.0" encoding="UTF-8"?>
<!-- Generated by org.testng.reporters.JUnitReportReporter -->
<testsuite hostname="DESKTOP-HECRAMR" failures="0" tests="1" name="bluejayengage.OV_addpatient" time="72.537" errors="0" timestamp="2022-03-02T15:44:16 PKT" skipped="0">
  <testcase classname="bluejayengage.OV_addpatient" name="addpatov" time="72.537"/>
  <system-out/>
</testsuite> <!-- bluejayengage.OV_addpatient -->
