<?xml version="1.0" encoding="UTF-8"?>
<!-- Generated by org.testng.reporters.JUnitReportReporter -->
<testsuite hostname="DESKTOP-HECRAMR" failures="0" tests="1" name="bluejayengage.Videoconsultation" time="73.941" errors="0" timestamp="2022-03-30T22:11:22 PKT" skipped="0">
  <testcase classname="bluejayengage.Videoconsultation" name="videoconsultation" time="73.941"/>
  <system-out/>
</testsuite> <!-- bluejayengage.Videoconsultation -->
